[00:04:42] [Server thread/INFO]: [Sashimi: Set own game mode to Creative Mode]
[00:04:48] [Server thread/INFO]: Sashimi has made the advancement [Into Fire]
[00:04:53] [Server thread/INFO]: [Sashimi: Set own game mode to Survival Mode]
[00:08:25] [Server thread/WARN]: Can't keep up! Is the server overloaded? Running 2214ms or 44 ticks behind
[00:10:56] [Server thread/WARN]: Fetching packet for removed entity atx['Air'/24268, l='world', x=828.30, y=65.00, z=1030.83]
[00:21:45] [Server thread/INFO]: Sashimi lost connection: Disconnected
[00:21:45] [Server thread/INFO]: Sashimi left the game
[00:21:59] [Server thread/INFO]: Stopping the server
[00:21:59] [Server thread/INFO]: Stopping server
[00:21:59] [Server thread/INFO]: Saving players
[00:21:59] [Server thread/INFO]: Saving worlds
[00:21:59] [Server thread/INFO]: Saving chunks for level 'world'/minecraft:the_end
[00:21:59] [Server thread/INFO]: ThreadedAnvilChunkStorage (DIM1): All chunks are saved
[00:21:59] [Server thread/INFO]: Saving chunks for level 'world'/minecraft:overworld
[00:21:59] [Server thread/INFO]: ThreadedAnvilChunkStorage (world): All chunks are saved
[00:21:59] [Server thread/INFO]: Saving chunks for level 'world'/minecraft:the_nether
[00:21:59] [Server thread/INFO]: ThreadedAnvilChunkStorage (DIM-1): All chunks are saved
[00:21:59] [Server thread/INFO]: ThreadedAnvilChunkStorage (DIM1): All chunks are saved
[00:21:59] [Server thread/INFO]: ThreadedAnvilChunkStorage (world): All chunks are saved
[00:21:59] [Server thread/INFO]: ThreadedAnvilChunkStorage (DIM-1): All chunks are saved
